[INFO  - 2017-04-04T12:29:20.762Z] GhostDriver - Main - running on port 64391
[INFO  - 2017-04-04T12:29:22.248Z] Session [54f2d8b0-1932-11e7-aca1-cbe46c078a18] - page.settings - {"XSSAuditingEnabled":false,"javascriptCanCloseWindows":true,"javascriptCanOpenWindows":true,"javascriptEnabled":true,"loadImages":true,"localToRemoteUrlAccessEnabled":false,"userAgent":"Mozilla/5.0 (Windows NT 6.2; WOW64) AppleWebKit/538.1 (KHTML, like Gecko) PhantomJS/2.1.1 Safari/538.1","webSecurityEnabled":true}
[INFO  - 2017-04-04T12:29:22.248Z] Session [54f2d8b0-1932-11e7-aca1-cbe46c078a18] - page.customHeaders:  - {}
[INFO  - 2017-04-04T12:29:22.248Z] Session [54f2d8b0-1932-11e7-aca1-cbe46c078a18] - Session.negotiatedCapabilities - {"browserName":"phantomjs","version":"2.1.1","driverName":"ghostdriver","driverVersion":"1.2.0","platform":"windows-10-32bit","javascriptEnabled":true,"takesScreenshot":true,"handlesAlerts":false,"databaseEnabled":false,"locationContextEnabled":false,"applicationCacheEnabled":false,"browserConnectionEnabled":false,"cssSelectorsEnabled":true,"webStorageEnabled":false,"rotatable":false,"acceptSslCerts":false,"nativeEvents":true,"proxy":{"proxyType":"direct"}}
[INFO  - 2017-04-04T12:29:22.249Z] SessionManagerReqHand - _postNewSessionCommand - New Session Created: 54f2d8b0-1932-11e7-aca1-cbe46c078a18
[INFO  - 2017-04-04T12:34:20.106Z] SessionManagerReqHand - _cleanupWindowlessSessions - Asynchronous Sessions clean-up phase starting NOW
[INFO  - 2017-04-04T12:39:20.115Z] SessionManagerReqHand - _cleanupWindowlessSessions - Asynchronous Sessions clean-up phase starting NOW
[INFO  - 2017-04-04T12:44:20.117Z] SessionManagerReqHand - _cleanupWindowlessSessions - Asynchronous Sessions clean-up phase starting NOW
[INFO  - 2017-04-04T12:49:20.119Z] SessionManagerReqHand - _cleanupWindowlessSessions - Asynchronous Sessions clean-up phase starting NOW
[INFO  - 2017-04-04T12:54:20.132Z] SessionManagerReqHand - _cleanupWindowlessSessions - Asynchronous Sessions clean-up phase starting NOW
[INFO  - 2017-04-04T12:59:20.133Z] SessionManagerReqHand - _cleanupWindowlessSessions - Asynchronous Sessions clean-up phase starting NOW
[INFO  - 2017-04-04T13:04:20.134Z] SessionManagerReqHand - _cleanupWindowlessSessions - Asynchronous Sessions clean-up phase starting NOW
[INFO  - 2017-04-04T13:09:20.148Z] SessionManagerReqHand - _cleanupWindowlessSessions - Asynchronous Sessions clean-up phase starting NOW
[INFO  - 2017-04-04T13:14:20.146Z] SessionManagerReqHand - _cleanupWindowlessSessions - Asynchronous Sessions clean-up phase starting NOW
[INFO  - 2017-04-04T13:19:20.147Z] SessionManagerReqHand - _cleanupWindowlessSessions - Asynchronous Sessions clean-up phase starting NOW
[INFO  - 2017-04-04T13:24:20.151Z] SessionManagerReqHand - _cleanupWindowlessSessions - Asynchronous Sessions clean-up phase starting NOW
[INFO  - 2017-04-04T13:29:20.155Z] SessionManagerReqHand - _cleanupWindowlessSessions - Asynchronous Sessions clean-up phase starting NOW
[INFO  - 2017-04-04T13:34:20.164Z] SessionManagerReqHand - _cleanupWindowlessSessions - Asynchronous Sessions clean-up phase starting NOW
[INFO  - 2017-04-04T13:39:20.178Z] SessionManagerReqHand - _cleanupWindowlessSessions - Asynchronous Sessions clean-up phase starting NOW
[INFO  - 2017-04-04T13:44:20.180Z] SessionManagerReqHand - _cleanupWindowlessSessions - Asynchronous Sessions clean-up phase starting NOW
[INFO  - 2017-04-04T13:49:20.192Z] SessionManagerReqHand - _cleanupWindowlessSessions - Asynchronous Sessions clean-up phase starting NOW
[INFO  - 2017-04-04T13:54:20.193Z] SessionManagerReqHand - _cleanupWindowlessSessions - Asynchronous Sessions clean-up phase starting NOW
[INFO  - 2017-04-04T13:59:20.195Z] SessionManagerReqHand - _cleanupWindowlessSessions - Asynchronous Sessions clean-up phase starting NOW
[INFO  - 2017-04-04T14:04:20.211Z] SessionManagerReqHand - _cleanupWindowlessSessions - Asynchronous Sessions clean-up phase starting NOW
[INFO  - 2017-04-04T14:09:20.210Z] SessionManagerReqHand - _cleanupWindowlessSessions - Asynchronous Sessions clean-up phase starting NOW
[INFO  - 2017-04-04T14:14:20.210Z] SessionManagerReqHand - _cleanupWindowlessSessions - Asynchronous Sessions clean-up phase starting NOW
[INFO  - 2017-04-04T14:19:20.216Z] SessionManagerReqHand - _cleanupWindowlessSessions - Asynchronous Sessions clean-up phase starting NOW
[INFO  - 2017-04-04T14:24:20.226Z] SessionManagerReqHand - _cleanupWindowlessSessions - Asynchronous Sessions clean-up phase starting NOW
[INFO  - 2017-04-04T14:29:20.226Z] SessionManagerReqHand - _cleanupWindowlessSessions - Asynchronous Sessions clean-up phase starting NOW
[ERROR - 2017-04-04T14:30:53.513Z] Session [54e62e80-1932-11e7-a804-57a13d1ca7f1] - page.onError - msg: ReferenceError: Can't find variable: rcube_webmail

  phantomjs://platform/console++.js:263 in error
[ERROR - 2017-04-04T14:30:53.514Z] Session [54e62e80-1932-11e7-a804-57a13d1ca7f1] - page.onError - stack:
  global code (https://gwucs.org/mail/:39)

  phantomjs://platform/console++.js:263 in error
[ERROR - 2017-04-04T14:30:53.648Z] Session [54e62e80-1932-11e7-a804-57a13d1ca7f1] - page.onError - msg: TypeError: undefined is not an object (evaluating 'rcmail.init')

  phantomjs://platform/console++.js:263 in error
[ERROR - 2017-04-04T14:30:53.648Z] Session [54e62e80-1932-11e7-a804-57a13d1ca7f1] - page.onError - stack:
  (anonymous function) (https://gwucs.org/mail/:97)
  j (https://gwucs.org/mail/program/js/jquery.min.js?s=1469392216:34)
  fireWith (https://gwucs.org/mail/program/js/jquery.min.js?s=1469392216:34)
  ready (https://gwucs.org/mail/program/js/jquery.min.js?s=1469392216:34)
  I (https://gwucs.org/mail/program/js/jquery.min.js?s=1469392216:34)

  phantomjs://platform/console++.js:263 in error
